[25-Oct-2017 15:14:04 UTC] PHP Fatal error:  Cannot access self:: when no class scope is active in /home/ubuntu/workspace/Projet_5.3/App/Config/Database.php on line 21
[25-Oct-2017 15:14:04 UTC] PHP Stack trace:
[25-Oct-2017 15:14:04 UTC] PHP   1. {main}() /home/ubuntu/workspace/Projet_5.3/App/Config/Database.php:0
[25-Oct-2017 15:15:17 UTC] PHP Fatal error:  Cannot access self:: when no class scope is active in /home/ubuntu/workspace/Projet_5.3/App/Config/Database.php on line 21
[25-Oct-2017 15:15:17 UTC] PHP Stack trace:
[25-Oct-2017 15:15:17 UTC] PHP   1. {main}() /home/ubuntu/workspace/Projet_5.3/App/Config/Database.php:0
[25-Oct-2017 15:15:38 UTC] PHP Fatal error:  Cannot access self:: when no class scope is active in /home/ubuntu/workspace/Projet_5.3/App/Config/Database.php on line 21
[25-Oct-2017 15:15:38 UTC] PHP Stack trace:
[25-Oct-2017 15:15:38 UTC] PHP   1. {main}() /home/ubuntu/workspace/Projet_5.3/App/Config/Database.php:0
[25-Oct-2017 15:15:48 UTC] PHP Fatal error:  Cannot access self:: when no class scope is active in /home/ubuntu/workspace/Projet_5.3/App/Config/Database.php on line 21
[25-Oct-2017 15:15:48 UTC] PHP Stack trace:
[25-Oct-2017 15:15:48 UTC] PHP   1. {main}() /home/ubuntu/workspace/Projet_5.3/App/Config/Database.php:0
[25-Oct-2017 15:17:17 UTC] PHP Fatal error:  Class 'App\Config\PDO' not found in /home/ubuntu/workspace/Projet_5.3/App/Config/Database.php on line 21
[25-Oct-2017 15:17:17 UTC] PHP Stack trace:
[25-Oct-2017 15:17:17 UTC] PHP   1. {main}() /home/ubuntu/workspace/Projet_5.3/App/Config/Database.php:0
[25-Oct-2017 15:18:09 UTC] PHP Parse error:  syntax error, unexpected 'use' (T_USE), expecting '{' in /home/ubuntu/workspace/Projet_5.3/App/Config/Database.php on line 7
[25-Oct-2017 15:18:50 UTC] PHP Fatal error:  Trait 'App\Config\PDO' not found in /home/ubuntu/workspace/Projet_5.3/App/Config/Database.php on line 10
[25-Oct-2017 15:18:50 UTC] PHP Stack trace:
[25-Oct-2017 15:18:50 UTC] PHP   1. {main}() /home/ubuntu/workspace/Projet_5.3/App/Config/Database.php:0
[25-Oct-2017 15:19:07 UTC] PHP Fatal error:  Trait 'App\Config\PDOStatement' not found in /home/ubuntu/workspace/Projet_5.3/App/Config/Database.php on line 10
[25-Oct-2017 15:19:07 UTC] PHP Stack trace:
[25-Oct-2017 15:19:07 UTC] PHP   1. {main}() /home/ubuntu/workspace/Projet_5.3/App/Config/Database.php:0
[25-Oct-2017 15:19:15 UTC] PHP Fatal error:  Class 'App\Config\PDO' not found in /home/ubuntu/workspace/Projet_5.3/App/Config/Database.php on line 25
[25-Oct-2017 15:19:15 UTC] PHP Stack trace:
[25-Oct-2017 15:19:15 UTC] PHP   1. {main}() /home/ubuntu/workspace/Projet_5.3/App/Config/Database.php:0
[30-Oct-2017 18:46:18 UTC] PHP Parse error:  syntax error, unexpected '::' (T_PAAMAYIM_NEKUDOTAYIM) in /home/ubuntu/workspace/Projet_5.3/App/Controller/PostController.php on line 21
[30-Oct-2017 18:46:55 UTC] PHP Fatal error:  Class 'Framework\Controller' not found in /home/ubuntu/workspace/Projet_5.3/App/Controller/PostController.php on line 9
[30-Oct-2017 18:46:55 UTC] PHP Stack trace:
[30-Oct-2017 18:46:55 UTC] PHP   1. {main}() /home/ubuntu/workspace/Projet_5.3/App/Controller/PostController.php:0
